TN:
SF:src/appletsRequest.ts
FN:1,(empty-report)
FNF:1
FNH:0
FNDA:0,(empty-report)
DA:1,0
DA:2,0
DA:3,0
DA:4,0
DA:5,0
DA:6,0
DA:7,0
DA:8,0
DA:9,0
DA:10,0
DA:11,0
DA:12,0
DA:13,0
DA:14,0
DA:15,0
DA:16,0
DA:17,0
DA:18,0
DA:19,0
DA:20,0
DA:21,0
DA:22,0
LF:22
LH:0
BRDA:1,0,0,0
BRF:1
BRH:0
end_of_record
TN:
SF:src/defaults.ts
FN:25,Object.<anonymous>.defaults.transformRequest
FN:41,validateStatus
FN:50,getDefaultHeaders
FNF:3
FNH:1
FNDA:0,Object.<anonymous>.defaults.transformRequest
FNDA:0,validateStatus
FNDA:2,getDefaultHeaders
DA:1,1
DA:2,1
DA:3,1
DA:4,1
DA:5,1
DA:6,1
DA:7,1
DA:8,1
DA:9,1
DA:10,1
DA:11,1
DA:12,1
DA:13,1
DA:14,1
DA:15,1
DA:16,1
DA:17,1
DA:18,1
DA:19,1
DA:20,1
DA:21,1
DA:22,1
DA:23,1
DA:24,1
DA:25,1
DA:26,0
DA:27,0
DA:28,0
DA:29,0
DA:30,0
DA:31,0
DA:32,0
DA:33,1
DA:34,1
DA:35,1
DA:36,1
DA:37,1
DA:38,1
DA:39,1
DA:40,1
DA:41,1
DA:42,0
DA:43,0
DA:44,0
DA:45,0
DA:46,0
DA:47,1
DA:48,1
DA:49,1
DA:50,2
DA:51,2
DA:52,2
DA:53,8
DA:54,2
DA:55,2
DA:56,6
DA:57,6
DA:58,6
DA:59,2
DA:60,2
DA:61,2
DA:62,2
DA:63,1
DA:64,1
DA:65,1
DA:66,1
LF:66
LH:54
BRDA:50,0,0,2
BRDA:52,1,0,8
BRDA:55,2,0,6
BRF:3
BRH:3
end_of_record
TN:
SF:src/adapters/Adapter.ts
FN:1,(empty-report)
FNF:1
FNH:0
FNDA:0,(empty-report)
DA:1,0
DA:2,0
DA:3,0
DA:4,0
DA:5,0
DA:6,0
DA:7,0
DA:8,0
DA:9,0
DA:10,0
DA:11,0
DA:12,0
DA:13,0
DA:14,0
DA:15,0
DA:16,0
DA:17,0
DA:18,0
DA:19,0
DA:20,0
DA:21,0
DA:22,0
DA:23,0
DA:24,0
DA:25,0
DA:26,0
DA:27,0
DA:28,0
DA:29,0
DA:30,0
DA:31,0
DA:32,0
DA:33,0
DA:34,0
DA:35,0
DA:36,0
DA:37,0
DA:38,0
DA:39,0
DA:40,0
DA:41,0
DA:42,0
DA:43,0
DA:44,0
DA:45,0
DA:46,0
DA:47,0
DA:48,0
DA:49,0
DA:50,0
DA:51,0
DA:52,0
DA:53,0
DA:54,0
DA:55,0
DA:56,0
DA:57,0
DA:58,0
DA:59,0
DA:60,0
DA:61,0
DA:62,0
DA:63,0
DA:64,0
DA:65,0
DA:66,0
DA:67,0
DA:68,0
DA:69,0
DA:70,0
DA:71,0
DA:72,0
DA:73,0
DA:74,0
DA:75,0
DA:76,0
DA:77,0
DA:78,0
DA:79,0
DA:80,0
DA:81,0
DA:82,0
DA:83,0
DA:84,0
DA:85,0
DA:86,0
DA:87,0
DA:88,0
DA:89,0
DA:90,0
DA:91,0
DA:92,0
DA:93,0
DA:94,0
DA:95,0
DA:96,0
DA:97,0
DA:98,0
DA:99,0
DA:100,0
DA:101,0
DA:102,0
DA:103,0
DA:104,0
DA:105,0
DA:106,0
LF:106
LH:0
BRDA:1,0,0,0
BRF:1
BRH:0
end_of_record
TN:
SF:src/adapters/index.ts
FN:1,(empty-report)
FNF:1
FNH:0
FNDA:0,(empty-report)
DA:1,0
DA:2,0
DA:3,0
DA:4,0
DA:5,0
DA:6,0
DA:7,0
DA:8,0
DA:9,0
DA:10,0
DA:11,0
LF:11
LH:0
BRDA:1,0,0,0
BRF:1
BRH:0
end_of_record
TN:
SF:src/adapters/wx/configAdapter.ts
FN:1,(empty-report)
FNF:1
FNH:0
FNDA:0,(empty-report)
DA:1,0
DA:2,0
DA:3,0
DA:4,0
DA:5,0
DA:6,0
DA:7,0
DA:8,0
DA:9,0
DA:10,0
DA:11,0
DA:12,0
DA:13,0
DA:14,0
DA:15,0
DA:16,0
DA:17,0
DA:18,0
DA:19,0
DA:20,0
LF:20
LH:0
BRDA:1,0,0,0
BRF:1
BRH:0
end_of_record
TN:
SF:src/adapters/wx/storageCookies.ts
FN:5,storageCookies
FN:17,getCookie
FNF:2
FNH:0
FNDA:0,storageCookies
FNDA:0,getCookie
DA:1,1
DA:2,1
DA:3,1
DA:4,1
DA:5,0
DA:6,0
DA:7,0
DA:8,0
DA:9,0
DA:10,0
DA:11,0
DA:12,0
DA:13,0
DA:14,0
DA:15,0
DA:16,1
DA:17,0
DA:18,0
DA:19,0
DA:20,0
DA:21,0
DA:22,0
DA:23,0
DA:24,0
DA:25,0
DA:26,0
DA:27,0
DA:28,0
DA:29,0
LF:29
LH:5
BRF:0
BRH:0
end_of_record
TN:
SF:src/adapters/wx/weappRequest.ts
FN:1,(empty-report)
FNF:1
FNH:0
FNDA:0,(empty-report)
DA:1,0
DA:2,0
DA:3,0
DA:4,0
DA:5,0
DA:6,0
DA:7,0
DA:8,0
DA:9,0
DA:10,0
DA:11,0
DA:12,0
DA:13,0
DA:14,0
DA:15,0
DA:16,0
DA:17,0
DA:18,0
DA:19,0
DA:20,0
DA:21,0
DA:22,0
DA:23,0
DA:24,0
DA:25,0
DA:26,0
DA:27,0
DA:28,0
DA:29,0
DA:30,0
DA:31,0
DA:32,0
DA:33,0
DA:34,0
DA:35,0
DA:36,0
DA:37,0
DA:38,0
DA:39,0
DA:40,0
DA:41,0
DA:42,0
DA:43,0
DA:44,0
DA:45,0
DA:46,0
DA:47,0
DA:48,0
DA:49,0
DA:50,0
DA:51,0
DA:52,0
DA:53,0
DA:54,0
DA:55,0
DA:56,0
DA:57,0
DA:58,0
DA:59,0
DA:60,0
DA:61,0
DA:62,0
DA:63,0
DA:64,0
DA:65,0
DA:66,0
DA:67,0
DA:68,0
DA:69,0
DA:70,0
DA:71,0
DA:72,0
DA:73,0
DA:74,0
DA:75,0
DA:76,0
DA:77,0
DA:78,0
DA:79,0
DA:80,0
DA:81,0
DA:82,0
DA:83,0
DA:84,0
DA:85,0
DA:86,0
DA:87,0
DA:88,0
DA:89,0
DA:90,0
DA:91,0
DA:92,0
DA:93,0
DA:94,0
DA:95,0
DA:96,0
DA:97,0
DA:98,0
DA:99,0
DA:100,0
DA:101,0
DA:102,0
DA:103,0
DA:104,0
DA:105,0
DA:106,0
DA:107,0
DA:108,0
DA:109,0
DA:110,0
DA:111,0
DA:112,0
DA:113,0
DA:114,0
DA:115,0
DA:116,0
DA:117,0
DA:118,0
DA:119,0
DA:120,0
DA:121,0
DA:122,0
DA:123,0
DA:124,0
DA:125,0
DA:126,0
DA:127,0
DA:128,0
DA:129,0
DA:130,0
DA:131,0
DA:132,0
DA:133,0
DA:134,0
DA:135,0
DA:136,0
DA:137,0
DA:138,0
LF:138
LH:0
BRDA:1,0,0,0
BRF:1
BRH:0
end_of_record
TN:
SF:src/adapters/wx/wx.d.ts
FN:1,(empty-report)
FNF:1
FNH:0
FNDA:0,(empty-report)
DA:1,0
DA:2,0
DA:3,0
DA:4,0
DA:5,0
LF:5
LH:0
BRDA:1,0,0,0
BRF:1
BRH:0
end_of_record
TN:
SF:src/cancel/Cancel.ts
FN:6,Cancel
FN:10,Object.<anonymous>.Cancel.toString
FNF:2
FNH:2
FNDA:5,Cancel
FNDA:3,Object.<anonymous>.Cancel.toString
DA:1,1
DA:2,1
DA:3,1
DA:4,1
DA:5,1
DA:6,1
DA:7,5
DA:8,5
DA:9,1
DA:10,1
DA:11,3
DA:12,3
DA:13,1
LF:13
LH:13
BRDA:1,0,0,1
BRDA:6,1,0,5
BRDA:10,2,0,3
BRDA:11,3,0,2
BRF:4
BRH:4
end_of_record
TN:
SF:src/cancel/CancelToken.ts
FN:1,(empty-report)
FNF:1
FNH:0
FNDA:0,(empty-report)
DA:1,0
DA:2,0
DA:3,0
DA:4,0
DA:5,0
DA:6,0
DA:7,0
DA:8,0
DA:9,0
DA:10,0
DA:11,0
DA:12,0
DA:13,0
DA:14,0
DA:15,0
DA:16,0
DA:17,0
DA:18,0
DA:19,0
DA:20,0
DA:21,0
DA:22,0
DA:23,0
DA:24,0
DA:25,0
DA:26,0
DA:27,0
DA:28,0
DA:29,0
DA:30,0
DA:31,0
DA:32,0
DA:33,0
DA:34,0
DA:35,0
DA:36,0
DA:37,0
DA:38,0
DA:39,0
DA:40,0
DA:41,0
DA:42,0
DA:43,0
DA:44,0
DA:45,0
DA:46,0
DA:47,0
DA:48,0
DA:49,0
DA:50,0
DA:51,0
DA:52,0
DA:53,0
DA:54,0
DA:55,0
DA:56,0
DA:57,0
LF:57
LH:0
BRDA:1,0,0,0
BRF:1
BRH:0
end_of_record
TN:
SF:src/cancel/isCancel.ts
FN:3,isCancel
FNF:1
FNH:1
FNDA:6,isCancel
DA:1,1
DA:2,1
DA:3,6
DA:4,6
DA:5,1
DA:6,1
DA:7,6
DA:8,6
LF:8
LH:8
BRDA:3,0,0,6
BRDA:4,1,0,1
BRDA:7,2,0,5
BRDA:7,3,0,4
BRF:4
BRH:4
end_of_record
TN:
SF:src/cookie/getCookies.ts
FN:4,getCookies
FN:15,getCookie
FNF:2
FNH:2
FNDA:5,getCookies
FNDA:8,getCookie
DA:1,1
DA:2,1
DA:3,1
DA:4,5
DA:5,5
DA:6,5
DA:7,5
DA:8,4
DA:9,4
DA:10,1
DA:11,1
DA:12,1
DA:13,1
DA:14,1
DA:15,8
DA:16,8
DA:17,8
DA:18,8
DA:19,8
DA:20,6
DA:21,6
DA:22,2
DA:23,2
DA:24,8
DA:25,8
LF:25
LH:25
BRDA:4,0,0,5
BRDA:7,1,0,3
BRDA:7,2,0,4
BRDA:10,3,0,1
BRDA:15,4,0,8
BRDA:19,5,0,4
BRDA:19,6,0,6
BRDA:22,7,0,2
BRDA:24,8,0,1
BRDA:24,9,0,1
BRDA:24,10,0,1
BRF:11
BRH:11
end_of_record
TN:
SF:src/cookie/parseCookie.ts
FN:28,parseCookies
FN:51,parse
FN:97,serializeCookie
FN:160,getSameSiteCookieStr
FN:179,serializeThrowErr
FN:186,regPass
FN:198,tryDecode
FNF:7
FNH:7
FNDA:13,parseCookies
FNDA:10,parse
FNDA:17,serializeCookie
FNDA:5,getSameSiteCookieStr
FNDA:58,serializeThrowErr
FNDA:37,regPass
FNDA:12,tryDecode
DA:1,1
DA:2,1
DA:3,1
DA:4,1
DA:5,1
DA:6,1
DA:7,1
DA:8,1
DA:9,1
DA:10,1
DA:11,1
DA:12,1
DA:13,1
DA:14,1
DA:15,1
DA:16,1
DA:17,1
DA:18,1
DA:19,1
DA:20,1
DA:21,1
DA:22,1
DA:23,1
DA:24,1
DA:25,1
DA:26,1
DA:27,1
DA:28,13
DA:29,13
DA:30,13
DA:31,13
DA:32,13
DA:33,3
DA:34,3
DA:35,10
DA:36,10
DA:37,10
DA:38,1
DA:39,1
DA:40,1
DA:41,1
DA:42,1
DA:43,1
DA:44,1
DA:45,1
DA:46,1
DA:47,1
DA:48,1
DA:49,1
DA:50,1
DA:51,10
DA:52,10
DA:53,3
DA:54,3
DA:55,7
DA:56,7
DA:57,7
DA:58,10
DA:59,10
DA:60,10
DA:61,15
DA:62,15
DA:63,3
DA:64,3
DA:65,12
DA:66,12
DA:67,12
DA:68,12
DA:69,12
DA:70,15
DA:71,2
DA:72,2
DA:73,12
DA:74,12
DA:75,12
DA:76,12
DA:77,10
DA:78,10
DA:79,10
DA:80,10
DA:81,1
DA:82,1
DA:83,1
DA:84,1
DA:85,1
DA:86,1
DA:87,1
DA:88,1
DA:89,1
DA:90,1
DA:91,1
DA:92,1
DA:93,1
DA:94,1
DA:95,1
DA:96,1
DA:97,17
DA:98,17
DA:99,17
DA:100,17
DA:101,17
DA:102,17
DA:103,17
DA:104,17
DA:105,17
DA:106,17
DA:107,17
DA:108,17
DA:109,17
DA:110,17
DA:111,17
DA:112,17
DA:113,17
DA:114,2
DA:115,2
DA:116,2
DA:117,2
DA:118,2
DA:119,2
DA:120,2
DA:121,2
DA:122,2
DA:123,15
DA:124,17
DA:125,2
DA:126,2
DA:127,2
DA:128,2
DA:129,14
DA:130,17
DA:131,2
DA:132,2
DA:133,2
DA:134,2
DA:135,13
DA:136,17
DA:137,2
DA:138,2
DA:139,2
DA:140,2
DA:141,2
DA:142,2
DA:143,2
DA:144,12
DA:145,17
DA:146,1
DA:147,1
DA:148,12
DA:149,17
DA:150,1
DA:151,1
DA:152,12
DA:153,17
DA:154,5
DA:155,5
DA:156,11
DA:157,11
DA:158,11
DA:159,1
DA:160,5
DA:161,5
DA:162,5
DA:163,5
DA:164,5
DA:165,2
DA:166,2
DA:167,3
DA:168,5
DA:169,1
DA:170,1
DA:171,2
DA:172,5
DA:173,1
DA:174,1
DA:175,1
DA:176,1
DA:177,1
DA:178,1
DA:179,58
DA:180,58
DA:181,53
DA:182,53
DA:183,5
DA:184,5
DA:185,1
DA:186,37
DA:187,37
DA:188,37
DA:189,1
DA:190,1
DA:191,1
DA:192,1
DA:193,1
DA:194,1
DA:195,1
DA:196,1
DA:197,1
DA:198,12
DA:199,12
DA:200,12
DA:201,12
DA:202,2
DA:203,2
DA:204,12
LF:204
LH:204
BRDA:28,0,0,13
BRDA:30,1,0,12
BRDA:32,2,0,3
BRDA:35,3,0,10
BRDA:51,4,0,10
BRDA:51,5,0,0
BRDA:52,6,0,3
BRDA:55,7,0,7
BRDA:58,8,0,6
BRDA:60,9,0,15
BRDA:62,10,0,3
BRDA:65,11,0,12
BRDA:70,12,0,2
BRDA:73,13,0,12
BRDA:97,14,0,17
BRDA:100,15,0,2
BRDA:113,16,0,14
BRDA:113,17,0,2
BRDA:117,18,0,1
BRDA:123,19,0,15
BRDA:124,20,0,2
BRDA:129,21,0,14
BRDA:130,22,0,2
BRDA:135,23,0,13
BRDA:136,24,0,2
BRDA:144,25,0,12
BRDA:145,26,0,1
BRDA:148,27,0,12
BRDA:149,28,0,1
BRDA:152,29,0,12
BRDA:153,30,0,5
BRDA:156,31,0,11
BRDA:160,32,0,5
BRDA:162,33,0,4
BRDA:162,34,0,1
BRDA:164,35,0,4
BRDA:164,36,0,2
BRDA:167,37,0,3
BRDA:168,38,0,1
BRDA:171,39,0,2
BRDA:172,40,0,1
BRDA:179,41,0,58
BRDA:180,42,0,53
BRDA:183,43,0,5
BRDA:186,44,0,37
BRDA:187,45,0,36
BRDA:198,46,0,12
BRDA:201,47,0,0
BRDA:201,48,0,2
BRF:49
BRH:47
end_of_record
TN:
SF:src/cookie/writeCookies.ts
FN:4,writeCookies
FNF:1
FNH:1
FNDA:4,writeCookies
DA:1,1
DA:2,1
DA:3,1
DA:4,4
DA:5,4
DA:6,4
DA:7,4
DA:8,4
DA:9,3
DA:10,3
DA:11,1
DA:12,1
DA:13,1
DA:14,1
LF:14
LH:14
BRDA:4,0,0,4
BRDA:8,1,0,3
BRDA:8,2,0,3
BRDA:11,3,0,1
BRF:4
BRH:4
end_of_record
TN:
SF:src/core/AppletsRequest.ts
FN:1,(empty-report)
FNF:1
FNH:0
FNDA:0,(empty-report)
DA:1,0
DA:2,0
DA:3,0
DA:4,0
DA:5,0
DA:6,0
DA:7,0
DA:8,0
DA:9,0
DA:10,0
DA:11,0
DA:12,0
DA:13,0
DA:14,0
DA:15,0
DA:16,0
DA:17,0
DA:18,0
DA:19,0
DA:20,0
DA:21,0
DA:22,0
DA:23,0
DA:24,0
DA:25,0
DA:26,0
DA:27,0
DA:28,0
DA:29,0
DA:30,0
DA:31,0
DA:32,0
DA:33,0
DA:34,0
DA:35,0
DA:36,0
DA:37,0
DA:38,0
DA:39,0
DA:40,0
DA:41,0
DA:42,0
DA:43,0
DA:44,0
DA:45,0
DA:46,0
DA:47,0
DA:48,0
DA:49,0
DA:50,0
DA:51,0
DA:52,0
DA:53,0
DA:54,0
DA:55,0
DA:56,0
DA:57,0
DA:58,0
DA:59,0
DA:60,0
DA:61,0
DA:62,0
DA:63,0
DA:64,0
DA:65,0
DA:66,0
DA:67,0
DA:68,0
DA:69,0
DA:70,0
DA:71,0
DA:72,0
DA:73,0
DA:74,0
DA:75,0
DA:76,0
DA:77,0
DA:78,0
DA:79,0
DA:80,0
DA:81,0
DA:82,0
DA:83,0
DA:84,0
DA:85,0
DA:86,0
DA:87,0
DA:88,0
DA:89,0
DA:90,0
DA:91,0
DA:92,0
DA:93,0
DA:94,0
DA:95,0
DA:96,0
DA:97,0
DA:98,0
DA:99,0
DA:100,0
DA:101,0
DA:102,0
DA:103,0
DA:104,0
DA:105,0
DA:106,0
DA:107,0
DA:108,0
DA:109,0
DA:110,0
DA:111,0
DA:112,0
DA:113,0
DA:114,0
DA:115,0
DA:116,0
DA:117,0
DA:118,0
DA:119,0
DA:120,0
DA:121,0
DA:122,0
DA:123,0
DA:124,0
DA:125,0
DA:126,0
DA:127,0
DA:128,0
DA:129,0
DA:130,0
DA:131,0
DA:132,0
DA:133,0
DA:134,0
DA:135,0
DA:136,0
DA:137,0
DA:138,0
DA:139,0
DA:140,0
DA:141,0
DA:142,0
DA:143,0
DA:144,0
DA:145,0
DA:146,0
DA:147,0
DA:148,0
DA:149,0
DA:150,0
DA:151,0
DA:152,0
DA:153,0
DA:154,0
DA:155,0
DA:156,0
DA:157,0
DA:158,0
DA:159,0
DA:160,0
DA:161,0
DA:162,0
DA:163,0
DA:164,0
DA:165,0
DA:166,0
DA:167,0
DA:168,0
DA:169,0
DA:170,0
DA:171,0
DA:172,0
DA:173,0
DA:174,0
DA:175,0
DA:176,0
DA:177,0
DA:178,0
DA:179,0
DA:180,0
DA:181,0
DA:182,0
DA:183,0
DA:184,0
DA:185,0
DA:186,0
DA:187,0
DA:188,0
DA:189,0
DA:190,0
LF:190
LH:0
BRDA:1,0,0,0
BRF:1
BRH:0
end_of_record
TN:
SF:src/core/AppletsRequestError.ts
FN:1,(empty-report)
FNF:1
FNH:0
FNDA:0,(empty-report)
DA:1,0
DA:2,0
DA:3,0
DA:4,0
DA:5,0
DA:6,0
DA:7,0
DA:8,0
DA:9,0
DA:10,0
DA:11,0
DA:12,0
DA:13,0
DA:14,0
DA:15,0
DA:16,0
DA:17,0
DA:18,0
DA:19,0
DA:20,0
DA:21,0
DA:22,0
DA:23,0
DA:24,0
DA:25,0
DA:26,0
DA:27,0
DA:28,0
DA:29,0
DA:30,0
DA:31,0
DA:32,0
DA:33,0
DA:34,0
DA:35,0
DA:36,0
DA:37,0
DA:38,0
DA:39,0
DA:40,0
DA:41,0
DA:42,0
DA:43,0
DA:44,0
DA:45,0
DA:46,0
DA:47,0
DA:48,0
DA:49,0
LF:49
LH:0
BRDA:1,0,0,0
BRF:1
BRH:0
end_of_record
TN:
SF:src/core/InterceptorManager.ts
FN:1,(empty-report)
FNF:1
FNH:0
FNDA:0,(empty-report)
DA:1,0
DA:2,0
DA:3,0
DA:4,0
DA:5,0
DA:6,0
DA:7,0
DA:8,0
DA:9,0
DA:10,0
DA:11,0
DA:12,0
DA:13,0
DA:14,0
DA:15,0
DA:16,0
DA:17,0
DA:18,0
DA:19,0
DA:20,0
DA:21,0
DA:22,0
DA:23,0
DA:24,0
DA:25,0
DA:26,0
DA:27,0
DA:28,0
DA:29,0
DA:30,0
DA:31,0
DA:32,0
DA:33,0
DA:34,0
DA:35,0
DA:36,0
DA:37,0
DA:38,0
DA:39,0
LF:39
LH:0
BRDA:1,0,0,0
BRF:1
BRH:0
end_of_record
TN:
SF:src/core/mergeConfig.ts
FN:1,(empty-report)
FNF:1
FNH:0
FNDA:0,(empty-report)
DA:1,0
DA:2,0
DA:3,0
DA:4,0
DA:5,0
DA:6,0
DA:7,0
DA:8,0
DA:9,0
DA:10,0
DA:11,0
DA:12,0
DA:13,0
DA:14,0
DA:15,0
DA:16,0
DA:17,0
DA:18,0
DA:19,0
DA:20,0
DA:21,0
DA:22,0
DA:23,0
DA:24,0
DA:25,0
DA:26,0
DA:27,0
DA:28,0
DA:29,0
DA:30,0
DA:31,0
DA:32,0
DA:33,0
DA:34,0
DA:35,0
DA:36,0
DA:37,0
DA:38,0
DA:39,0
DA:40,0
DA:41,0
DA:42,0
DA:43,0
DA:44,0
DA:45,0
DA:46,0
DA:47,0
DA:48,0
DA:49,0
DA:50,0
DA:51,0
DA:52,0
DA:53,0
DA:54,0
DA:55,0
DA:56,0
DA:57,0
DA:58,0
DA:59,0
DA:60,0
DA:61,0
DA:62,0
DA:63,0
DA:64,0
DA:65,0
DA:66,0
DA:67,0
DA:68,0
DA:69,0
DA:70,0
DA:71,0
DA:72,0
DA:73,0
DA:74,0
DA:75,0
DA:76,0
DA:77,0
DA:78,0
DA:79,0
DA:80,0
DA:81,0
DA:82,0
DA:83,0
DA:84,0
DA:85,0
DA:86,0
DA:87,0
DA:88,0
DA:89,0
DA:90,0
DA:91,0
DA:92,0
DA:93,0
DA:94,0
DA:95,0
DA:96,0
DA:97,0
DA:98,0
DA:99,0
DA:100,0
DA:101,0
DA:102,0
DA:103,0
DA:104,0
DA:105,0
DA:106,0
DA:107,0
DA:108,0
DA:109,0
DA:110,0
DA:111,0
DA:112,0
DA:113,0
DA:114,0
DA:115,0
DA:116,0
DA:117,0
DA:118,0
DA:119,0
DA:120,0
DA:121,0
DA:122,0
DA:123,0
DA:124,0
DA:125,0
DA:126,0
DA:127,0
DA:128,0
DA:129,0
DA:130,0
DA:131,0
DA:132,0
DA:133,0
DA:134,0
DA:135,0
DA:136,0
DA:137,0
DA:138,0
DA:139,0
DA:140,0
DA:141,0
DA:142,0
LF:142
LH:0
BRDA:1,0,0,0
BRF:1
BRH:0
end_of_record
TN:
SF:src/core/request.ts
FN:1,(empty-report)
FNF:1
FNH:0
FNDA:0,(empty-report)
DA:1,0
DA:2,0
DA:3,0
DA:4,0
DA:5,0
DA:6,0
DA:7,0
DA:8,0
DA:9,0
DA:10,0
DA:11,0
DA:12,0
DA:13,0
DA:14,0
DA:15,0
DA:16,0
DA:17,0
DA:18,0
DA:19,0
DA:20,0
DA:21,0
DA:22,0
DA:23,0
DA:24,0
DA:25,0
DA:26,0
DA:27,0
DA:28,0
DA:29,0
DA:30,0
DA:31,0
DA:32,0
DA:33,0
DA:34,0
DA:35,0
DA:36,0
DA:37,0
DA:38,0
DA:39,0
DA:40,0
DA:41,0
DA:42,0
DA:43,0
DA:44,0
DA:45,0
DA:46,0
DA:47,0
DA:48,0
DA:49,0
DA:50,0
DA:51,0
DA:52,0
DA:53,0
DA:54,0
DA:55,0
DA:56,0
DA:57,0
DA:58,0
DA:59,0
DA:60,0
DA:61,0
DA:62,0
DA:63,0
DA:64,0
DA:65,0
DA:66,0
DA:67,0
DA:68,0
DA:69,0
DA:70,0
DA:71,0
DA:72,0
DA:73,0
DA:74,0
DA:75,0
DA:76,0
DA:77,0
DA:78,0
DA:79,0
DA:80,0
DA:81,0
DA:82,0
DA:83,0
DA:84,0
DA:85,0
DA:86,0
DA:87,0
DA:88,0
DA:89,0
DA:90,0
DA:91,0
DA:92,0
DA:93,0
DA:94,0
DA:95,0
DA:96,0
DA:97,0
DA:98,0
DA:99,0
DA:100,0
DA:101,0
DA:102,0
DA:103,0
DA:104,0
DA:105,0
DA:106,0
DA:107,0
DA:108,0
DA:109,0
DA:110,0
DA:111,0
DA:112,0
DA:113,0
DA:114,0
DA:115,0
DA:116,0
DA:117,0
DA:118,0
DA:119,0
DA:120,0
DA:121,0
DA:122,0
DA:123,0
DA:124,0
DA:125,0
DA:126,0
DA:127,0
DA:128,0
DA:129,0
DA:130,0
DA:131,0
DA:132,0
DA:133,0
DA:134,0
DA:135,0
DA:136,0
DA:137,0
DA:138,0
DA:139,0
DA:140,0
DA:141,0
DA:142,0
DA:143,0
DA:144,0
DA:145,0
DA:146,0
DA:147,0
DA:148,0
DA:149,0
DA:150,0
DA:151,0
DA:152,0
DA:153,0
DA:154,0
DA:155,0
DA:156,0
DA:157,0
DA:158,0
DA:159,0
DA:160,0
DA:161,0
DA:162,0
DA:163,0
DA:164,0
DA:165,0
DA:166,0
DA:167,0
DA:168,0
DA:169,0
DA:170,0
DA:171,0
DA:172,0
DA:173,0
DA:174,0
DA:175,0
DA:176,0
DA:177,0
LF:177
LH:0
BRDA:1,0,0,0
BRF:1
BRH:0
end_of_record
TN:
SF:src/core/transformConfig.ts
FN:1,(empty-report)
FNF:1
FNH:0
FNDA:0,(empty-report)
DA:1,0
DA:2,0
DA:3,0
DA:4,0
DA:5,0
DA:6,0
DA:7,0
DA:8,0
DA:9,0
DA:10,0
DA:11,0
DA:12,0
DA:13,0
DA:14,0
DA:15,0
DA:16,0
DA:17,0
DA:18,0
DA:19,0
DA:20,0
DA:21,0
DA:22,0
DA:23,0
DA:24,0
DA:25,0
LF:25
LH:0
BRDA:1,0,0,0
BRF:1
BRH:0
end_of_record
TN:
SF:src/core/transformData.ts
FN:1,(empty-report)
FNF:1
FNH:0
FNDA:0,(empty-report)
DA:1,0
DA:2,0
DA:3,0
DA:4,0
DA:5,0
DA:6,0
DA:7,0
DA:8,0
DA:9,0
DA:10,0
DA:11,0
DA:12,0
DA:13,0
DA:14,0
DA:15,0
DA:16,0
DA:17,0
DA:18,0
DA:19,0
DA:20,0
DA:21,0
DA:22,0
DA:23,0
DA:24,0
DA:25,0
DA:26,0
DA:27,0
DA:28,0
DA:29,0
LF:29
LH:0
BRDA:1,0,0,0
BRF:1
BRH:0
end_of_record
TN:
SF:src/error/isNetworkError.ts
FN:16,isNetworkError
FNF:1
FNH:1
FNDA:10,isNetworkError
DA:1,1
DA:2,1
DA:3,1
DA:4,1
DA:5,1
DA:6,1
DA:7,1
DA:8,1
DA:9,1
DA:10,1
DA:11,1
DA:12,1
DA:13,1
DA:14,1
DA:15,1
DA:16,10
DA:17,10
DA:18,2
DA:19,2
DA:20,8
DA:21,8
LF:21
LH:21
BRDA:16,0,0,10
BRDA:17,1,0,9
BRDA:17,2,0,2
BRDA:20,3,0,8
BRF:4
BRH:4
end_of_record
TN:
SF:src/error/isTimeout.ts
FN:16,isTimeout
FNF:1
FNH:1
FNDA:11,isTimeout
DA:1,1
DA:2,1
DA:3,1
DA:4,1
DA:5,1
DA:6,1
DA:7,1
DA:8,1
DA:9,1
DA:10,1
DA:11,1
DA:12,1
DA:13,1
DA:14,1
DA:15,1
DA:16,11
DA:17,11
DA:18,2
DA:19,2
DA:20,9
DA:21,9
LF:21
LH:21
BRDA:16,0,0,11
BRDA:17,1,0,10
BRDA:17,2,0,2
BRDA:20,3,0,9
BRF:4
BRH:4
end_of_record
TN:
SF:src/helpers/assembleHeaders.ts
FN:21,formattedHeader
FN:57,assembleReqHeaders
FN:94,filterHeaders
FN:133,combineCookiesStr
FN:154,spliceCookieStr
FNF:5
FNH:5
FNDA:16,formattedHeader
FNDA:9,assembleReqHeaders
FNDA:3,filterHeaders
FNDA:8,combineCookiesStr
FNDA:3,spliceCookieStr
DA:1,1
DA:2,1
DA:3,1
DA:4,1
DA:5,1
DA:6,1
DA:7,1
DA:8,1
DA:9,1
DA:10,1
DA:11,1
DA:12,1
DA:13,1
DA:14,1
DA:15,1
DA:16,1
DA:17,1
DA:18,1
DA:19,1
DA:20,1
DA:21,16
DA:22,16
DA:23,16
DA:24,16
DA:25,16
DA:26,16
DA:27,3
DA:28,3
DA:29,13
DA:30,16
DA:31,1
DA:32,1
DA:33,12
DA:34,12
DA:35,12
DA:36,12
DA:37,12
DA:38,12
DA:39,12
DA:40,6
DA:41,6
DA:42,6
DA:43,12
DA:44,12
DA:45,12
DA:46,12
DA:47,1
DA:48,1
DA:49,1
DA:50,1
DA:51,1
DA:52,1
DA:53,1
DA:54,1
DA:55,1
DA:56,1
DA:57,9
DA:58,9
DA:59,9
DA:60,9
DA:61,9
DA:62,9
DA:63,9
DA:64,9
DA:65,9
DA:66,1
DA:67,1
DA:68,9
DA:69,9
DA:70,6
DA:71,6
DA:72,9
DA:73,9
DA:74,9
DA:75,1
DA:76,1
DA:77,1
DA:78,1
DA:79,1
DA:80,1
DA:81,1
DA:82,1
DA:83,1
DA:84,1
DA:85,1
DA:86,1
DA:87,1
DA:88,1
DA:89,1
DA:90,1
DA:91,1
DA:92,1
DA:93,1
DA:94,3
DA:95,3
DA:96,3
DA:97,3
DA:98,3
DA:99,1
DA:100,1
DA:101,2
DA:102,2
DA:103,2
DA:104,2
DA:105,2
DA:106,2
DA:107,2
DA:108,2
DA:109,2
DA:110,2
DA:111,2
DA:112,2
DA:113,2
DA:114,2
DA:115,2
DA:116,2
DA:117,2
DA:118,16
DA:119,2
DA:120,2
DA:121,2
DA:122,2
DA:123,1
DA:124,1
DA:125,1
DA:126,1
DA:127,1
DA:128,1
DA:129,1
DA:130,1
DA:131,1
DA:132,1
DA:133,8
DA:134,8
DA:135,8
DA:136,8
DA:137,8
DA:138,4
DA:139,4
DA:140,4
DA:141,4
DA:142,4
DA:143,8
DA:144,2
DA:145,2
DA:146,2
DA:147,2
DA:148,2
DA:149,2
DA:150,2
DA:151,2
DA:152,2
DA:153,1
DA:154,3
DA:155,3
DA:156,3
DA:157,3
DA:158,3
LF:158
LH:158
BRDA:21,0,0,16
BRDA:26,1,0,3
BRDA:29,2,0,13
BRDA:30,3,0,1
BRDA:33,4,0,12
BRDA:35,5,0,12
BRDA:39,6,0,6
BRDA:42,7,0,1
BRDA:57,8,0,9
BRDA:61,9,0,2
BRDA:65,10,0,2
BRDA:65,11,0,1
BRDA:69,12,0,6
BRDA:94,13,0,3
BRDA:98,14,0,1
BRDA:101,15,0,2
BRDA:117,16,0,16
BRDA:133,17,0,8
BRDA:137,18,0,4
BRDA:137,19,0,4
BRDA:143,20,0,2
BRDA:144,21,0,1
BRDA:145,22,0,1
BRDA:146,23,0,1
BRDA:154,24,0,3
BRDA:155,25,0,1
BRDA:156,26,0,1
BRDA:157,27,0,2
BRF:28
BRH:28
end_of_record
TN:
SF:src/helpers/combineURLs.ts
FN:18,combineURLs
FNF:1
FNH:1
FNDA:6,combineURLs
DA:1,1
DA:2,1
DA:3,1
DA:4,1
DA:5,1
DA:6,1
DA:7,1
DA:8,1
DA:9,1
DA:10,1
DA:11,1
DA:12,1
DA:13,1
DA:14,1
DA:15,1
DA:16,1
DA:17,1
DA:18,6
DA:19,6
DA:20,6
DA:21,6
DA:22,6
DA:23,6
DA:24,6
DA:25,6
DA:26,6
DA:27,6
DA:28,6
LF:28
LH:28
BRDA:18,0,0,6
BRDA:22,1,0,2
BRDA:23,2,0,2
BRDA:26,3,0,4
BRDA:27,4,0,2
BRF:5
BRH:5
end_of_record
TN:
SF:src/helpers/copyConfig.ts
FN:11,copyConfig
FNF:1
FNH:1
FNDA:6,copyConfig
DA:1,1
DA:2,1
DA:3,1
DA:4,1
DA:5,1
DA:6,1
DA:7,1
DA:8,1
DA:9,1
DA:10,1
DA:11,6
DA:12,6
DA:13,6
DA:14,6
DA:15,2
DA:16,2
DA:17,6
DA:18,1
DA:19,1
DA:20,3
DA:21,3
DA:22,3
LF:22
LH:22
BRDA:11,0,0,6
BRDA:14,1,0,2
BRDA:17,2,0,4
BRDA:17,3,0,1
BRDA:20,4,0,3
BRF:5
BRH:5
end_of_record
TN:
SF:src/helpers/isAbsoluteURL.ts
FN:1,isAbsoluteURL
FNF:1
FNH:1
FNDA:9,isAbsoluteURL
DA:1,9
DA:2,9
DA:3,9
LF:3
LH:3
BRDA:1,0,0,9
BRDA:2,1,0,2
BRF:2
BRH:2
end_of_record
TN:
SF:src/helpers/isURLSameOrigin.ts
FN:1,isURLSameOrigin
FNF:1
FNH:1
FNDA:1,isURLSameOrigin
DA:1,1
DA:2,1
DA:3,1
LF:3
LH:3
BRDA:1,0,0,1
BRF:1
BRH:1
end_of_record
TN:
SF:src/helpers/normalizeHeaderName.ts
FN:3,normalizeHeaderName
FNF:1
FNH:1
FNDA:4,normalizeHeaderName
DA:1,1
DA:2,1
DA:3,4
DA:4,4
DA:5,4
DA:6,4
DA:7,4
DA:8,3
DA:9,3
DA:10,1
DA:11,1
DA:12,1
DA:13,1
DA:14,1
DA:15,1
DA:16,1
DA:17,1
DA:18,1
DA:19,1
LF:19
LH:19
BRDA:3,0,0,4
BRDA:7,1,0,3
BRDA:10,2,0,1
BRDA:10,3,0,1
BRF:4
BRH:4
end_of_record
TN:
SF:src/helpers/setContentTypeIfUnset.ts
FN:3,setContentTypeIfUnset
FNF:1
FNH:1
FNDA:2,setContentTypeIfUnset
DA:1,1
DA:2,1
DA:3,2
DA:4,2
DA:5,2
DA:6,2
DA:7,2
DA:8,2
DA:9,2
DA:10,2
DA:11,2
DA:12,1
DA:13,1
DA:14,2
LF:14
LH:14
BRDA:3,0,0,2
BRDA:11,1,0,1
BRF:2
BRH:2
end_of_record
TN:
SF:src/helpers/transformMethod.ts
FN:1,transformMethod
FNF:1
FNH:1
FNDA:2,transformMethod
DA:1,2
DA:2,2
DA:3,2
DA:4,2
DA:5,1
DA:6,1
DA:7,1
DA:8,1
LF:8
LH:8
BRDA:1,0,0,2
BRDA:4,1,0,1
BRDA:4,2,0,1
BRF:3
BRH:3
end_of_record
TN:
SF:src/helpers/transformUrl.ts
FN:26,parseUrl
FN:54,assembleUrl
FN:62,removeNullAndUndefinedVal
FN:76,parseQueryStr
FN:94,parseParam
FN:116,parseArrayVal
FN:126,removeHash
FN:130,encode
FN:141,transformUrl
FNF:9
FNH:9
FNDA:13,parseUrl
FNDA:9,assembleUrl
FNDA:19,removeNullAndUndefinedVal
FNDA:7,parseQueryStr
FNDA:7,parseParam
FNDA:1,parseArrayVal
FNDA:14,removeHash
FNDA:9,encode
FNDA:14,transformUrl
DA:1,1
DA:2,1
DA:3,1
DA:4,1
DA:5,1
DA:6,1
DA:7,1
DA:8,1
DA:9,1
DA:10,1
DA:11,1
DA:12,1
DA:13,1
DA:14,1
DA:15,1
DA:16,1
DA:17,1
DA:18,1
DA:19,1
DA:20,1
DA:21,1
DA:22,1
DA:23,1
DA:24,1
DA:25,1
DA:26,13
DA:27,13
DA:28,13
DA:29,13
DA:30,13
DA:31,13
DA:32,13
DA:33,13
DA:34,2
DA:35,2
DA:36,11
DA:37,13
DA:38,13
DA:39,13
DA:40,2
DA:41,2
DA:42,9
DA:43,9
DA:44,13
DA:45,13
DA:46,13
DA:47,13
DA:48,2
DA:49,2
DA:50,7
DA:51,7
DA:52,7
DA:53,1
DA:54,9
DA:55,9
DA:56,9
DA:57,1
DA:58,1
DA:59,1
DA:60,1
DA:61,1
DA:62,19
DA:63,19
DA:64,12
DA:65,12
DA:66,7
DA:67,7
DA:68,7
DA:69,1
DA:70,1
DA:71,1
DA:72,1
DA:73,1
DA:74,1
DA:75,1
DA:76,7
DA:77,7
DA:78,7
DA:79,7
DA:80,7
DA:81,7
DA:82,1
DA:83,1
DA:84,6
DA:85,6
DA:86,7
DA:87,2
DA:88,2
DA:89,5
DA:90,7
DA:91,6
DA:92,6
DA:93,1
DA:94,7
DA:95,7
DA:96,1
DA:97,1
DA:98,6
DA:99,7
DA:100,2
DA:101,2
DA:102,4
DA:103,7
DA:104,1
DA:105,1
DA:106,3
DA:107,3
DA:108,3
DA:109,1
DA:110,1
DA:111,1
DA:112,1
DA:113,1
DA:114,1
DA:115,1
DA:116,1
DA:117,1
DA:118,2
DA:119,1
DA:120,1
DA:121,1
DA:122,1
DA:123,1
DA:124,1
DA:125,1
DA:126,14
DA:127,14
DA:128,14
DA:129,1
DA:130,9
DA:131,9
DA:132,9
DA:133,9
DA:134,9
DA:135,9
DA:136,9
DA:137,9
DA:138,9
DA:139,9
DA:140,1
DA:141,14
DA:142,14
DA:143,14
DA:144,14
DA:145,14
DA:146,14
DA:147,1
DA:148,1
DA:149,13
DA:150,13
LF:150
LH:150
BRDA:26,0,0,13
BRDA:33,1,0,2
BRDA:36,2,0,11
BRDA:37,3,0,2
BRDA:37,4,0,9
BRDA:39,5,0,2
BRDA:39,6,0,2
BRDA:42,7,0,9
BRDA:44,8,0,2
BRDA:44,9,0,0
BRDA:45,10,0,7
BRDA:47,11,0,2
BRDA:50,12,0,7
BRDA:54,13,0,9
BRDA:55,14,0,4
BRDA:55,15,0,5
BRDA:62,16,0,19
BRDA:63,17,0,13
BRDA:63,18,0,12
BRDA:66,19,0,7
BRDA:76,20,0,7
BRDA:81,21,0,1
BRDA:84,22,0,6
BRDA:78,23,0,19
BRDA:79,24,0,7
BRDA:85,25,0,7
BRDA:86,26,0,2
BRDA:89,27,0,5
BRDA:90,28,0,0
BRDA:90,29,0,5
BRDA:94,30,0,7
BRDA:95,31,0,1
BRDA:98,32,0,6
BRDA:99,33,0,2
BRDA:102,34,0,4
BRDA:103,35,0,1
BRDA:106,36,0,3
BRDA:116,37,0,1
BRDA:117,38,0,2
BRDA:118,39,0,1
BRDA:126,40,0,14
BRDA:127,41,0,8
BRDA:127,42,0,6
BRDA:130,43,0,9
BRDA:141,44,0,14
BRDA:146,45,0,1
BRDA:149,46,0,13
BRF:47
BRH:45
end_of_record
TN:
SF:src/helpers/utils.ts
FN:1,getDataType
FN:5,isDate
FN:9,isObject
FN:13,isPlainObject
FN:21,assign
FN:33,isUndefined
FN:42,forEach
FN:65,merge
FN:73,assignValue
FN:98,isNumber
FN:102,isString
FN:106,isFunction
FNF:12
FNH:12
FNDA:167,getDataType
FNDA:13,isDate
FNDA:20,isObject
FNDA:157,isPlainObject
FNDA:14,assign
FNDA:50,isUndefined
FNDA:54,forEach
FNDA:23,merge
FNDA:58,assignValue
FNDA:5,isNumber
FNDA:22,isString
FNDA:22,isFunction
DA:1,167
DA:2,167
DA:3,167
DA:4,1
DA:5,13
DA:6,13
DA:7,13
DA:8,1
DA:9,20
DA:10,20
DA:11,20
DA:12,1
DA:13,157
DA:14,157
DA:15,126
DA:16,126
DA:17,31
DA:18,157
DA:19,157
DA:20,1
DA:21,14
DA:22,14
DA:23,1
DA:24,1
DA:25,13
DA:26,14
DA:27,6
DA:28,6
DA:29,7
DA:30,7
DA:31,7
DA:32,1
DA:33,50
DA:34,50
DA:35,50
DA:36,1
DA:37,1
DA:38,1
DA:39,1
DA:40,1
DA:41,1
DA:42,54
DA:43,54
DA:44,3
DA:45,3
DA:46,51
DA:47,51
DA:48,51
DA:49,51
DA:50,54
DA:51,2
DA:52,2
DA:53,51
DA:54,54
DA:55,6
DA:56,11
DA:57,6
DA:58,6
DA:59,6
DA:60,45
DA:61,55
DA:62,45
DA:63,45
DA:64,1
DA:65,23
DA:66,23
DA:67,23
DA:68,23
DA:69,1
DA:70,1
DA:71,22
DA:72,22
DA:73,22
DA:74,58
DA:75,1
DA:76,58
DA:77,8
DA:78,57
DA:79,2
DA:80,49
DA:81,47
DA:82,47
DA:83,58
DA:84,22
DA:85,23
DA:86,3
DA:87,23
DA:88,19
DA:89,19
DA:90,22
DA:91,22
DA:92,48
DA:93,22
DA:94,22
DA:95,22
DA:96,22
DA:97,1
DA:98,5
DA:99,5
DA:100,5
DA:101,1
DA:102,22
DA:103,22
DA:104,22
DA:105,1
DA:106,22
DA:107,22
DA:108,22
LF:108
LH:108
BRDA:1,0,0,167
BRDA:5,1,0,13
BRDA:9,2,0,20
BRDA:10,3,0,19
BRDA:13,4,0,157
BRDA:14,5,0,154
BRDA:14,6,0,126
BRDA:17,7,0,106
BRDA:17,8,0,31
BRDA:18,9,0,29
BRDA:21,10,0,14
BRDA:22,11,0,1
BRDA:25,12,0,13
BRDA:26,13,0,6
BRDA:29,14,0,7
BRDA:33,15,0,50
BRDA:42,16,0,54
BRDA:43,17,0,52
BRDA:43,18,0,3
BRDA:46,19,0,51
BRDA:50,20,0,2
BRDA:53,21,0,51
BRDA:54,22,0,6
BRDA:60,23,0,45
BRDA:55,24,0,11
BRDA:60,25,0,55
BRDA:65,26,0,23
BRDA:68,27,0,1
BRDA:71,28,0,22
BRDA:85,29,0,3
BRDA:87,30,0,19
BRDA:90,31,0,22
BRDA:73,32,0,58
BRDA:74,33,0,1
BRDA:74,34,0,1
BRDA:76,35,0,57
BRDA:76,36,0,8
BRDA:78,37,0,49
BRDA:78,38,0,2
BRDA:80,39,0,47
BRDA:91,40,0,48
BRDA:98,41,0,5
BRDA:102,42,0,22
BRDA:106,43,0,22
BRF:44
BRH:44
end_of_record
